# JRE version: OpenJDK Runtime Environment (17.0.2+8) (build 17.0.2+8-86)
# Java VM: OpenJDK 64-Bit Server VM (17.0.2+8-86, mixed mode, sharing, tiered, compressed oops, compressed class ptrs, g1 gc, windows-amd64)
GC Precious Log:
 CPUs: 8 total, 8 available
 Memory: 8073M
 Large Page Support: Disabled
 NUMA Support: Disabled
 Compressed Oops: Enabled (32-bit)
 Heap Region Size: 1M
 Heap Min Capacity: 8M
 Heap Initial Capacity: 128M
 Heap Max Capacity: 2020M
 Pre-touch: Disabled
 Parallel Workers: 8
 Concurrent Workers: 2
 Concurrent Refinement Workers: 8
 Periodic GC: Disabled
Heap:
 garbage-first heap   total 71680K, used 54271K [0x0000000081c00000, 0x0000000100000000)
  region size 1024K, 33 young (33792K), 1 survivors (1024K)
 Metaspace       used 50584K, committed 50880K, reserved 1097728K
  class space    used 6065K, committed 6208K, reserved 1048576K
GC Heap History (20 events):
Event: 6889.851 GC heap before
{Heap before GC invocations=81 (full 0):
 garbage-first heap   total 71680K, used 62416K [0x0000000081c00000, 0x0000000100000000)
  region size 1024K, 40 young (40960K), 1 survivors (1024K)
 Metaspace       used 50537K, committed 50816K, reserved 1097728K
  class space    used 6065K, committed 6208K, reserved 1048576K
}
Event: 6889.852 GC heap after
{Heap after GC invocations=82 (full 0):
 garbage-first heap   total 71680K, used 22489K [0x0000000081c00000, 0x0000000100000000)
  region size 1024K, 1 young (1024K), 1 survivors (1024K)
 Metaspace       used 50537K, committed 50816K, reserved 1097728K
  class space    used 6065K, committed 6208K, reserved 1048576K
}
Event: 6892.877 GC heap before
{Heap before GC invocations=82 (full 0):
 garbage-first heap   total 71680K, used 62425K [0x0000000081c00000, 0x0000000100000000)
  region size 1024K, 40 young (40960K), 1 survivors (1024K)
 Metaspace       used 50540K, committed 50816K, reserved 1097728K
  class space    used 6065K, committed 6208K, reserved 1048576K
}
Event: 6892.878 GC heap after
{Heap after GC invocations=83 (full 0):
 garbage-first heap   total 71680K, used 22489K [0x0000000081c00000, 0x0000000100000000)
  region size 1024K, 1 young (1024K), 1 survivors (1024K)
 Metaspace       used 50540K, committed 50816K, reserved 1097728K
  class space    used 6065K, committed 6208K, reserved 1048576K
}
Event: 6895.525 GC heap before
{Heap before GC invocations=83 (full 0):
 garbage-first heap   total 71680K, used 62425K [0x0000000081c00000, 0x0000000100000000)
  region size 1024K, 40 young (40960K), 1 survivors (1024K)
 Metaspace       used 50541K, committed 50816K, reserved 1097728K
  class space    used 6065K, committed 6208K, reserved 1048576K
}
Event: 6895.526 GC heap after
{Heap after GC invocations=84 (full 0):
 garbage-first heap   total 71680K, used 22499K [0x0000000081c00000, 0x0000000100000000)
  region size 1024K, 1 young (1024K), 1 survivors (1024K)
 Metaspace       used 50541K, committed 50816K, reserved 1097728K
  class space    used 6065K, committed 6208K, reserved 1048576K
}
Event: 6898.942 GC heap before
{Heap before GC invocations=84 (full 0):
 garbage-first heap   total 71680K, used 62435K [0x0000000081c00000, 0x0000000100000000)
  region size 1024K, 40 young (40960K), 1 survivors (1024K)
 Metaspace       used 50541K, committed 50816K, reserved 1097728K
  class space    used 6065K, committed 6208K, reserved 1048576K
}
Event: 6898.943 GC heap after
{Heap after GC invocations=85 (full 0):
 garbage-first heap   total 71680K, used 22495K [0x0000000081c00000, 0x0000000100000000)
  region size 1024K, 1 young (1024K), 1 survivors (1024K)
 Metaspace       used 50541K, committed 50816K, reserved 1097728K
  class space    used 6065K, committed 6208K, reserved 1048576K
}
Event: 6900.944 GC heap before
{Heap before GC invocations=85 (full 0):
 garbage-first heap   total 71680K, used 62431K [0x0000000081c00000, 0x0000000100000000)
  region size 1024K, 40 young (40960K), 1 survivors (1024K)
 Metaspace       used 50544K, committed 50816K, reserved 1097728K
  class space    used 6065K, committed 6208K, reserved 1048576K
}
Event: 6900.945 GC heap after
{Heap after GC invocations=86 (full 0):
 garbage-first heap   total 71680K, used 22526K [0x0000000081c00000, 0x0000000100000000)
  region size 1024K, 1 young (1024K), 1 survivors (1024K)
 Metaspace       used 50544K, committed 50816K, reserved 1097728K
  class space    used 6065K, committed 6208K, reserved 1048576K
}
Event: 6903.544 GC heap before
{Heap before GC invocations=86 (full 0):
 garbage-first heap   total 71680K, used 62462K [0x0000000081c00000, 0x0000000100000000)
  region size 1024K, 40 young (40960K), 1 survivors (1024K)
 Metaspace       used 50556K, committed 50880K, reserved 1097728K
  class space    used 6065K, committed 6208K, reserved 1048576K
}
Event: 6903.546 GC heap after
{Heap after GC invocations=87 (full 0):
 garbage-first heap   total 71680K, used 22506K [0x0000000081c00000, 0x0000000100000000)
  region size 1024K, 1 young (1024K), 1 survivors (1024K)
 Metaspace       used 50556K, committed 50880K, reserved 1097728K
  class space    used 6065K, committed 6208K, reserved 1048576K
}
Event: 6909.186 GC heap before
{Heap before GC invocations=87 (full 0):
 garbage-first heap   total 71680K, used 62442K [0x0000000081c00000, 0x0000000100000000)
  region size 1024K, 40 young (40960K), 1 survivors (1024K)
 Metaspace       used 50556K, committed 50880K, reserved 1097728K
  class space    used 6065K, committed 6208K, reserved 1048576K
}
Event: 6909.187 GC heap after
{Heap after GC invocations=88 (full 0):
 garbage-first heap   total 71680K, used 22516K [0x0000000081c00000, 0x0000000100000000)
  region size 1024K, 1 young (1024K), 1 survivors (1024K)
 Metaspace       used 50556K, committed 50880K, reserved 1097728K
  class space    used 6065K, committed 6208K, reserved 1048576K
}
Event: 6911.178 GC heap before
{Heap before GC invocations=88 (full 0):
 garbage-first heap   total 71680K, used 62452K [0x0000000081c00000, 0x0000000100000000)
  region size 1024K, 40 young (40960K), 1 survivors (1024K)
 Metaspace       used 50556K, committed 50880K, reserved 1097728K
  class space    used 6065K, committed 6208K, reserved 1048576K
}
Event: 6911.202 GC heap after
{Heap after GC invocations=89 (full 0):
 garbage-first heap   total 71680K, used 22553K [0x0000000081c00000, 0x0000000100000000)
  region size 1024K, 1 young (1024K), 1 survivors (1024K)
 Metaspace       used 50556K, committed 50880K, reserved 1097728K
  class space    used 6065K, committed 6208K, reserved 1048576K
}
Event: 6915.195 GC heap before
{Heap before GC invocations=89 (full 0):
 garbage-first heap   total 71680K, used 62489K [0x0000000081c00000, 0x0000000100000000)
  region size 1024K, 40 young (40960K), 1 survivors (1024K)
 Metaspace       used 50556K, committed 50880K, reserved 1097728K
  class space    used 6065K, committed 6208K, reserved 1048576K
}
Event: 6915.196 GC heap after
{Heap after GC invocations=90 (full 0):
 garbage-first heap   total 71680K, used 22539K [0x0000000081c00000, 0x0000000100000000)
  region size 1024K, 1 young (1024K), 1 survivors (1024K)
 Metaspace       used 50556K, committed 50880K, reserved 1097728K
  class space    used 6065K, committed 6208K, reserved 1048576K
}
Event: 6916.213 GC heap before
{Heap before GC invocations=90 (full 0):
 garbage-first heap   total 71680K, used 62475K [0x0000000081c00000, 0x0000000100000000)
  region size 1024K, 40 young (40960K), 1 survivors (1024K)
 Metaspace       used 50583K, committed 50880K, reserved 1097728K
  class space    used 6065K, committed 6208K, reserved 1048576K
}
Event: 6916.214 GC heap after
{Heap after GC invocations=91 (full 0):
 garbage-first heap   total 71680K, used 22527K [0x0000000081c00000, 0x0000000100000000)
  region size 1024K, 1 young (1024K), 1 survivors (1024K)
 Metaspace       used 50583K, committed 50880K, reserved 1097728K
  class space    used 6065K, committed 6208K, reserved 1048576K
}

